<?xml version="1.0" encoding="UTF-8"?>
<!-- Generated by org.testng.reporters.JUnitXMLReporter -->
<testsuite ignored="0" hostname="DESKTOP-VHCOGMC" failures="0" tests="13" name="Test" time="47.219" errors="0" timestamp="2023-06-14T09:16:15 IST">
  <testcase classname="com.NewSeleniumLearning.Base.BaseTest" name="@BeforeMethod setUp" time="1.488">
    <failure type="org.openqa.selenium.WebDriverException" message="unknown error: cannot determine loading status
from no such window
  (Session info: chrome=114.0.5735.110)
Build info: version: &amp;apos;4.8.3&amp;apos;, revision: &amp;apos;e5e76298c3&amp;apos;
System info: os.name: &amp;apos;Windows 10&amp;apos;, os.arch: &amp;apos;amd64&amp;apos;, os.version: &amp;apos;10.0&amp;apos;, java.version: &amp;apos;17.0.2&amp;apos;
Driver info: org.openqa.selenium.chrome.ChromeDriver
Command: [dc1b55a77c1921a89fd5a48a131fd199, maximizeCurrentWindow {}]
Capabilities {acceptInsecureCerts: false, browserName: chrome, browserVersion: 114.0.5735.110, chrome: {chromedriverVersion: 114.0.5735.90 (386bc09e8f4f..., userDataDir: C:\Users\DELL\AppData\Local...}, goog:chromeOptions: {debuggerAddress: localhost:51125}, networkConnectionEnabled: false, pageLoadStrategy: normal, platformName: WINDOWS, proxy: Proxy(), se:cdp: ws://localhost:51125/devtoo..., se:cdpVersion: 114.0.5735.110, setWindowRect: true, strictFileInteractability: false, timeouts: {implicit: 0, pageLoad: 300000, script: 30000}, unhandledPromptBehavior: dismiss and notify, webauthn:extension:credBlob: true, webauthn:extension:largeBlob: true, webauthn:extension:minPinLength: true, webauthn:extension:prf: true, webauthn:virtualAuthenticators: true}
Session ID: dc1b55a77c1921a89fd5a48a131fd199">
      <![CDATA[org.openqa.selenium.WebDriverException: unknown error: cannot determine loading status
from no such window
  (Session info: chrome=114.0.5735.110)
Build info: version: '4.8.3', revision: 'e5e76298c3'
System info: os.name: 'Windows 10', os.arch: 'amd64', os.version: '10.0', java.version: '17.0.2'
Driver info: org.openqa.selenium.chrome.ChromeDriver
Command: [dc1b55a77c1921a89fd5a48a131fd199, maximizeCurrentWindow {}]
Capabilities {acceptInsecureCerts: false, browserName: chrome, browserVersion: 114.0.5735.110, chrome: {chromedriverVersion: 114.0.5735.90 (386bc09e8f4f..., userDataDir: C:\Users\DELL\AppData\Local...}, goog:chromeOptions: {debuggerAddress: localhost:51125}, networkConnectionEnabled: false, pageLoadStrategy: normal, platformName: WINDOWS, proxy: Proxy(), se:cdp: ws://localhost:51125/devtoo..., se:cdpVersion: 114.0.5735.110, setWindowRect: true, strictFileInteractability: false, timeouts: {implicit: 0, pageLoad: 300000, script: 30000}, unhandledPromptBehavior: dismiss and notify, webauthn:extension:credBlob: true, webauthn:extension:largeBlob: true, webauthn:extension:minPinLength: true, webauthn:extension:prf: true, webauthn:virtualAuthenticators: true}
Session ID: dc1b55a77c1921a89fd5a48a131fd199
at org.openqa.selenium.remote.codec.w3c.W3CHttpResponseCodec.createException(W3CHttpResponseCodec.java:200)
at org.openqa.selenium.remote.codec.w3c.W3CHttpResponseCodec.decode(W3CHttpResponseCodec.java:133)
at org.openqa.selenium.remote.codec.w3c.W3CHttpResponseCodec.decode(W3CHttpResponseCodec.java:53)
at org.openqa.selenium.remote.HttpCommandExecutor.execute(HttpCommandExecutor.java:193)
at org.openqa.selenium.remote.service.DriverCommandExecutor.invokeExecute(DriverCommandExecutor.java:183)
at org.openqa.selenium.remote.service.DriverCommandExecutor.execute(DriverCommandExecutor.java:158)
at org.openqa.selenium.remote.RemoteWebDriver.execute(RemoteWebDriver.java:543)
at org.openqa.selenium.remote.RemoteWebDriver.execute(RemoteWebDriver.java:598)
at org.openqa.selenium.remote.RemoteWebDriver.execute(RemoteWebDriver.java:602)
at org.openqa.selenium.remote.RemoteWebDriver$RemoteWebDriverOptions$RemoteWindow.maximize(RemoteWebDriver.java:953)
at com.NewSeleniumLearning.Base.BaseTest.initialization(BaseTest.java:67)
at com.NewSeleniumLearning.Base.BaseTest.setUp(BaseTest.java:89)
at java.base/java.util.ArrayList.forEach(ArrayList.java:1511)
... Removed 36 stack frames]]>
    </failure>
  </testcase> <!-- @BeforeMethod setUp -->
  <testcase classname="com.NewSeleniumLearning.TestCases.LoginPageTest" name="invalid_User_Test" time="0.707"/>
  <testcase classname="com.NewSeleniumLearning.TestCases.LoginPageTest" name="invalid_User_Test_ExternalData" time="0.521"/>
  <testcase classname="com.NewSeleniumLearning.TestCases.LoginPageTest" name="invalid_User_Test_ExternalData" time="0.549"/>
  <testcase classname="com.NewSeleniumLearning.TestCases.LoginPageTest" name="invalid_User_Test_ExternalData" time="0.503"/>
  <testcase classname="com.NewSeleniumLearning.TestCases.LoginPageTest" name="valid_User_Test" time="0.44"/>
  <testcase classname="com.NewSeleniumLearning.TestCases.AddToCartPageTest" name="validate_To_CheckoutPage_Test" time="0.975"/>
  <testcase classname="com.NewSeleniumLearning.TestCases.LastPageTest" name="validate_To_E2E_Test" time="0.0">
    <skipped/>
  </testcase> <!-- validate_To_E2E_Test -->
  <testcase classname="com.NewSeleniumLearning.TestCases.CheckOutPageTest" name="validate_ErrorMessage_CheckoutPage_Test" time="1.616"/>
  <testcase classname="com.NewSeleniumLearning.TestCases.CheckOutPageTest" name="validate_To_CheckoutPage2_Test" time="1.519"/>
  <testcase classname="com.NewSeleniumLearning.TestCases.HomePageTest" name="description_Validation_Test" time="0.744"/>
  <testcase classname="com.NewSeleniumLearning.TestCases.HomePageTest" name="price_Validation_Test" time="0.705"/>
  <testcase classname="com.NewSeleniumLearning.TestCases.HomePageTest" name="success_Add_To_Cart_Validation_Test" time="0.858"/>
  <testcase classname="com.NewSeleniumLearning.TestCases.CheckOutPageTest2" name="validate_To_LastPAge_Test" time="1.527"/>
</testsuite> <!-- Test -->
